<?xml version="1.0" encoding="UTF-8"?>
<!-- Generated by org.testng.reporters.JUnitReportReporter -->
<testsuite hostname="360NDCLP209" failures="0" tests="1" name="com.freeautomation.test.TestOrangeWebsite" time="19.213" errors="0" timestamp="2023-04-14T16:36:40 IST" skipped="0">
  <testcase classname="com.freeautomation.test.TestOrangeWebsite" name="login" time="19.213"/>
  <system-out/>
</testsuite> <!-- com.freeautomation.test.TestOrangeWebsite -->
