<?xml version="1.0" encoding="UTF-8"?>
<!-- Generated by org.testng.reporters.JUnitReportReporter -->
<testsuite hostname="360NDCLP209" failures="0" tests="1" name="com.freeautomation.override.TestFindElement" time="44.929" errors="0" timestamp="2022-04-08T13:16:50 IST" skipped="0">
  <testcase classname="com.freeautomation.override.TestFindElement" name="myTest" time="44.929"/>
  <system-out/>
</testsuite> <!-- com.freeautomation.override.TestFindElement -->
