<?xml version="1.0" encoding="UTF-8"?>
<!-- Generated by org.testng.reporters.JUnitReportReporter -->
<testsuite hostname="360NDCLP209" failures="0" tests="1" name="com.freeautomation.test.TestFindElement" time="56.078" errors="0" timestamp="2023-04-13T16:08:42 IST" skipped="0">
  <testcase classname="com.freeautomation.test.TestFindElement" name="myTest" time="56.078"/>
  <system-out/>
</testsuite> <!-- com.freeautomation.test.TestFindElement -->
