<?xml version="1.0" encoding="UTF-8"?>
<!-- Generated by org.testng.reporters.JUnitReportReporter -->
<testsuite skipped="0" hostname="360NDCLP209" name="com.freeautomation.test.TestOrangeWebsite" tests="1" failures="0" timestamp="2023-04-17T13:24:35 IST" time="49.019" errors="0">
  <testcase name="login" time="49.019" classname="com.freeautomation.test.TestOrangeWebsite"/>
  <system-out/>
</testsuite> <!-- com.freeautomation.test.TestOrangeWebsite -->
